Copyright 1986-2019 Xilinx, Inc. All Rights Reserved.
------------------------------------------------------------------------------------
| Tool Version : Vivado v.2019.2 (lin64) Build 2708876 Wed Nov  6 21:39:14 MST 2019
| Date         : Tue Mar 10 07:24:38 2020
| Host         : ubuntu running 64-bit Ubuntu 16.04 LTS
| Command      : upgrade_ip
| Device       : xczu3eg-sbva484-1-e
------------------------------------------------------------------------------------

Upgrade Log for IP 'ultra96_platform_proc_sys_reset_0_0'

1. Summary
----------

SUCCESS in the conversion of ultra96_platform_proc_sys_reset_0_0 (xilinx.com:ip:proc_sys_reset:5.0 (Rev. 13)) to Vivado generation flows.






Copyright 1986-2019 Xilinx, Inc. All Rights Reserved.
------------------------------------------------------------------------------------
| Tool Version : Vivado v.2019.2 (lin64) Build 2708876 Wed Nov  6 21:39:14 MST 2019
| Date         : Tue Mar 10 07:24:38 2020
| Host         : ubuntu running 64-bit Ubuntu 16.04 LTS
| Command      : upgrade_ip
| Device       : xczu3eg-sbva484-1-e
------------------------------------------------------------------------------------

Upgrade Log for IP 'ultra96_platform_axi_uart16550_0_0'

1. Summary
----------

SUCCESS in the conversion of ultra96_platform_axi_uart16550_0_0 (xilinx.com:ip:axi_uart16550:2.0 (Rev. 22)) to Vivado generation flows.

