==============================================================
Vivado(TM) HLS - High-Level Synthesis from C, C++ and SystemC v2019.2 (64-bit)
Copyright 1986-2019 Xilinx, Inc. All Rights Reserved.
==============================================================
INFO: [HLS 200-10] Setting target device to 'xczu3eg-sbva484-1-e'
INFO: [SYN 201-201] Setting up clock 'default' with a period of 10ns.
INFO: [SCHED 204-61] Option 'relax_ii_for_timing' is enabled, will increase II to preserve clock frequency constraints.
INFO: [HLS 200-10] Analyzing design file './annotated_src/image_algos_694f8a7303f53d8b98d7dda9570eba69/image_algos.cc' ... 
WARNING: [HLS 200-40] In file included from ./annotated_src/image_algos_694f8a7303f53d8b98d7dda9570eba69/image_algos.cc:1:
./annotated_src/image_algos_694f8a7303f53d8b98d7dda9570eba69/image_algos.cc:410:1: warning: control may reach end of non-void function [-Wreturn-type]
}
^
1 warning generated.
WARNING: [HLS 214-114] Since the only kind of statements allowed in a canonical dataflow region are variable declarations and function calls, the compiler may not be able to correctly handle the region: /home/dwq/Documents/u96_image/xfopencv//include/imgproc/xf_canny.hpp:143:3
WARNING: [HLS 214-104] Only for-loops and functions support the dataflow: /home/dwq/Documents/u96_image/xfopencv//include/imgproc/xf_canny.hpp:149:9
WARNING: [HLS 214-114] Since the only kind of statements allowed in a canonical dataflow region are variable declarations and function calls, the compiler may not be able to correctly handle the region: /home/dwq/Documents/u96_image/xfopencv//include/imgproc/xf_canny.hpp:173:3
WARNING: [HLS 214-104] Only for-loops and functions support the dataflow: /home/dwq/Documents/u96_image/xfopencv//include/imgproc/xf_canny.hpp:179:9
WARNING: [HLS 214-113] Either use an argument of the function or declare the variable inside the dataflow loop body: /home/dwq/Documents/u96_image/xfopencv//include/imgproc/xf_canny.hpp:237:216
WARNING: [HLS 214-113] Either use an argument of the function or declare the variable inside the dataflow loop body: /home/dwq/Documents/u96_image/xfopencv//include/imgproc/xf_canny.hpp:237:226
WARNING: [HLS 214-113] Either use an argument of the function or declare the variable inside the dataflow loop body: /home/dwq/Documents/u96_image/xfopencv//include/imgproc/xf_canny.hpp:237:240
WARNING: [HLS 214-114] Since the only kind of statements allowed in a canonical dataflow region are variable declarations and function calls, the compiler may not be able to correctly handle the region: /home/dwq/Documents/u96_image/xfopencv//include/imgproc/xf_canny.hpp:225:2
WARNING: [HLS 214-114] Since the only kind of statements allowed in a canonical dataflow region are variable declarations and function calls, the compiler may not be able to correctly handle the region: /home/dwq/Documents/u96_image/xfopencv//include/imgproc/xf_canny.hpp:239:2
WARNING: [HLS 214-113] Either use an argument of the function or declare the variable inside the dataflow loop body: /home/dwq/Documents/u96_image/xfopencv//include/features/xf_fast.hpp:907:113
WARNING: [HLS 214-113] Either use an argument of the function or declare the variable inside the dataflow loop body: /home/dwq/Documents/u96_image/xfopencv//include/features/xf_fast.hpp:908:104
WARNING: [HLS 214-104] Only for-loops and functions support the dataflow: /home/dwq/Documents/u96_image/xfopencv//include/features/xf_fast.hpp:906:9
WARNING: [HLS 214-104] Only for-loops and functions support the dataflow: /home/dwq/Documents/u96_image/xfopencv//include/features/xf_fast.hpp:912:9
WARNING: [HLS 214-113] Either use an argument of the function or declare the variable inside the dataflow loop body: /home/dwq/Documents/u96_image/xfopencv//include/features/xf_fast.hpp:955:124
WARNING: [HLS 214-113] Either use an argument of the function or declare the variable inside the dataflow loop body: /home/dwq/Documents/u96_image/xfopencv//include/features/xf_fast.hpp:955:138
WARNING: [HLS 214-114] Since the only kind of statements allowed in a canonical dataflow region are variable declarations and function calls, the compiler may not be able to correctly handle the region: /home/dwq/Documents/u96_image/xfopencv//include/features/xf_fast.hpp:943:2
WARNING: [HLS 214-114] Since the only kind of statements allowed in a canonical dataflow region are variable declarations and function calls, the compiler may not be able to correctly handle the region: /home/dwq/Documents/u96_image/xfopencv//include/features/xf_fast.hpp:957:2
WARNING: [HLS 200-471] Dataflow form checks found 17 issue(s) in file ./annotated_src/image_algos_694f8a7303f53d8b98d7dda9570eba69/image_algos.cc
INFO: [HLS 200-111] Finished Linking Time (s): cpu = 00:00:27 ; elapsed = 00:00:29 . Memory (MB): peak = 958.836 ; gain = 528.973 ; free physical = 1297 ; free virtual = 5373
INFO: [HLS 200-111] Finished Checking Pragmas Time (s): cpu = 00:00:27 ; elapsed = 00:00:29 . Memory (MB): peak = 958.836 ; gain = 528.973 ; free physical = 1297 ; free virtual = 5373
INFO: [HLS 200-10] Starting code transformations ...
INFO: [XFORM 203-603] Inlining function 'xf::Mat<0, 240, 320, 1>::init' into 'xf::Mat<0, 240, 320, 1>::Mat.1' (/home/dwq/Documents/u96_image/xfopencv//include/common/xf_structs.h:565).
INFO: [XFORM 203-603] Inlining function 'drawline<240, 320>' into 'min_max_shmem' (./annotated_src/image_algos_694f8a7303f53d8b98d7dda9570eba69/image_algos.cc:583).
INFO: [XFORM 203-603] Inlining function 'drawline<240, 320>' into 'min_max_shmem' (./annotated_src/image_algos_694f8a7303f53d8b98d7dda9570eba69/image_algos.cc:582).
INFO: [XFORM 203-603] Inlining function 'drawline<240, 320>' into 'min_max_shmem' (./annotated_src/image_algos_694f8a7303f53d8b98d7dda9570eba69/image_algos.cc:581).
INFO: [XFORM 203-603] Inlining function 'drawline<240, 320>' into 'min_max_shmem' (./annotated_src/image_algos_694f8a7303f53d8b98d7dda9570eba69/image_algos.cc:580).
INFO: [XFORM 203-603] Inlining function 'drawline<240, 320>' into 'min_max_shmem' (./annotated_src/image_algos_694f8a7303f53d8b98d7dda9570eba69/image_algos.cc:577).
INFO: [XFORM 203-603] Inlining function 'drawline<240, 320>' into 'min_max_shmem' (./annotated_src/image_algos_694f8a7303f53d8b98d7dda9570eba69/image_algos.cc:576).
INFO: [XFORM 203-603] Inlining function 'drawline<240, 320>' into 'min_max_shmem' (./annotated_src/image_algos_694f8a7303f53d8b98d7dda9570eba69/image_algos.cc:575).
INFO: [XFORM 203-603] Inlining function 'drawline<240, 320>' into 'min_max_shmem' (./annotated_src/image_algos_694f8a7303f53d8b98d7dda9570eba69/image_algos.cc:574).
INFO: [HLS 200-111] Finished Standard Transforms Time (s): cpu = 00:00:29 ; elapsed = 00:00:31 . Memory (MB): peak = 962.434 ; gain = 532.570 ; free physical = 1141 ; free virtual = 5238
INFO: [HLS 200-10] Checking synthesizability ...
INFO: [HLS 200-111] Finished Checking Synthesizability Time (s): cpu = 00:00:30 ; elapsed = 00:00:32 . Memory (MB): peak = 1026.148 ; gain = 596.285 ; free physical = 1256 ; free virtual = 5359
INFO: [XFORM 203-602] Inlining function 'set_val' into 'min_max_shmem' (./annotated_src/image_algos_694f8a7303f53d8b98d7dda9570eba69/image_algos.cc:430->./annotated_src/image_algos_694f8a7303f53d8b98d7dda9570eba69/image_algos.cc:574) automatically.
INFO: [XFORM 203-401] Performing if-conversion on hyperblock from (./annotated_src/image_algos_694f8a7303f53d8b98d7dda9570eba69/image_algos.cc:433:3) to (./annotated_src/image_algos_694f8a7303f53d8b98d7dda9570eba69/image_algos.cc:436:2) in function 'min_max_shmem'... converting 3 basic blocks.
INFO: [XFORM 203-401] Performing if-conversion on hyperblock from (./annotated_src/image_algos_694f8a7303f53d8b98d7dda9570eba69/image_algos.cc:433:3) to (./annotated_src/image_algos_694f8a7303f53d8b98d7dda9570eba69/image_algos.cc:436:2) in function 'min_max_shmem'... converting 3 basic blocks.
INFO: [XFORM 203-401] Performing if-conversion on hyperblock from (./annotated_src/image_algos_694f8a7303f53d8b98d7dda9570eba69/image_algos.cc:433:3) to (./annotated_src/image_algos_694f8a7303f53d8b98d7dda9570eba69/image_algos.cc:436:2) in function 'min_max_shmem'... converting 3 basic blocks.
INFO: [XFORM 203-401] Performing if-conversion on hyperblock from (./annotated_src/image_algos_694f8a7303f53d8b98d7dda9570eba69/image_algos.cc:433:3) to (./annotated_src/image_algos_694f8a7303f53d8b98d7dda9570eba69/image_algos.cc:436:2) in function 'min_max_shmem'... converting 3 basic blocks.
INFO: [XFORM 203-401] Performing if-conversion on hyperblock from (./annotated_src/image_algos_694f8a7303f53d8b98d7dda9570eba69/image_algos.cc:433:3) to (./annotated_src/image_algos_694f8a7303f53d8b98d7dda9570eba69/image_algos.cc:436:2) in function 'min_max_shmem'... converting 3 basic blocks.
INFO: [XFORM 203-401] Performing if-conversion on hyperblock from (./annotated_src/image_algos_694f8a7303f53d8b98d7dda9570eba69/image_algos.cc:433:3) to (./annotated_src/image_algos_694f8a7303f53d8b98d7dda9570eba69/image_algos.cc:436:2) in function 'min_max_shmem'... converting 3 basic blocks.
INFO: [XFORM 203-401] Performing if-conversion on hyperblock from (./annotated_src/image_algos_694f8a7303f53d8b98d7dda9570eba69/image_algos.cc:433:3) to (./annotated_src/image_algos_694f8a7303f53d8b98d7dda9570eba69/image_algos.cc:436:2) in function 'min_max_shmem'... converting 3 basic blocks.
INFO: [XFORM 203-401] Performing if-conversion on hyperblock from (./annotated_src/image_algos_694f8a7303f53d8b98d7dda9570eba69/image_algos.cc:433:3) to (./annotated_src/image_algos_694f8a7303f53d8b98d7dda9570eba69/image_algos.cc:436:2) in function 'min_max_shmem'... converting 3 basic blocks.
INFO: [XFORM 203-11] Balancing expressions in function 'min_max_shmem' (./annotated_src/image_algos_694f8a7303f53d8b98d7dda9570eba69/image_algos.cc:527)...32 expression(s) balanced.
INFO: [HLS 200-111] Finished Pre-synthesis Time (s): cpu = 00:00:31 ; elapsed = 00:00:33 . Memory (MB): peak = 1026.148 ; gain = 596.285 ; free physical = 1130 ; free virtual = 5238
INFO: [XFORM 203-541] Flattening a loop nest 'VSI_LOOP_34' (./annotated_src/image_algos_694f8a7303f53d8b98d7dda9570eba69/image_algos.cc:545:58) in function 'min_max_shmem'.
INFO: [HLS 200-444] Inferring multiple bus burst read of a total cumulative length 19200 on port 'gmem' (./annotated_src/image_algos_694f8a7303f53d8b98d7dda9570eba69/image_algos.cc:538:28). These data requests might be further partitioned to multiple requests during RTL generation, based on max_read_burst_length or max_write_burst_length settings.
INFO: [HLS 200-472] Inferring partial write operation for 'cam_mat_i.data.V' (./annotated_src/image_algos_694f8a7303f53d8b98d7dda9570eba69/image_algos.cc:539:3)
INFO: [HLS 200-472] Inferring partial write operation for 'cam_mat_i.data.V' (./annotated_src/image_algos_694f8a7303f53d8b98d7dda9570eba69/image_algos.cc:540:3)
INFO: [HLS 200-472] Inferring partial write operation for 'cam_mat_i.data.V' (./annotated_src/image_algos_694f8a7303f53d8b98d7dda9570eba69/image_algos.cc:541:3)
INFO: [HLS 200-472] Inferring partial write operation for 'cam_mat_i.data.V' (./annotated_src/image_algos_694f8a7303f53d8b98d7dda9570eba69/image_algos.cc:542:3)
INFO: [HLS 200-111] Finished Architecture Synthesis Time (s): cpu = 00:00:31 ; elapsed = 00:00:33 . Memory (MB): peak = 1026.148 ; gain = 596.285 ; free physical = 1080 ; free virtual = 5194
INFO: [HLS 200-10] Starting hardware synthesis ...
INFO: [HLS 200-10] Synthesizing 'min_max_shmem' ...
INFO: [HLS 200-10] ----------------------------------------------------------------
INFO: [HLS 200-42] -- Implementing module 'min_max_shmem' 
INFO: [HLS 200-10] ----------------------------------------------------------------
INFO: [SCHED 204-11] Starting scheduling ...
INFO: [SCHED 204-61] Pipelining loop 'VSI_LOOP_33'.
WARNING: [SCHED 204-69] Unable to schedule 'store' operation ('cam_mat_i_data_V_add_2_write_ln541', ./annotated_src/image_algos_694f8a7303f53d8b98d7dda9570eba69/image_algos.cc:541) of variable 'trunc_ln302_2', ./annotated_src/image_algos_694f8a7303f53d8b98d7dda9570eba69/image_algos.cc:541 on array 'cam_mat_i.data.V', ./annotated_src/image_algos_694f8a7303f53d8b98d7dda9570eba69/image_algos.cc:533 due to limited memory ports. Please consider using a memory core with more ports or partitioning the array 'cam_mat_i_data_V'.
INFO: [SCHED 204-61] Pipelining result : Target II = 1, Final II = 2, Depth = 4.
INFO: [SCHED 204-61] Pipelining loop 'VSI_LOOP_34_VSI_LOOP_35'.
WARNING: [SCHED 204-69] Unable to schedule 'load' operation ('cam_mat_i_data_V_loa_2', ./annotated_src/image_algos_694f8a7303f53d8b98d7dda9570eba69/image_algos.cc:552) on array 'cam_mat_i.data.V', ./annotated_src/image_algos_694f8a7303f53d8b98d7dda9570eba69/image_algos.cc:533 due to limited memory ports. Please consider using a memory core with more ports or partitioning the array 'cam_mat_i_data_V'.
INFO: [SCHED 204-61] Pipelining result : Target II = 1, Final II = 5, Depth = 6.
INFO: [SCHED 204-61] Pipelining loop 'VSI_LOOP_29'.
WARNING: [SCHED 204-68] The II Violation in module 'min_max_shmem' (Loop: VSI_LOOP_29): Unable to enforce a carried dependence constraint (II = 1, distance = 1, offset = 1)
   between bus access on port 'gmem' (./annotated_src/image_algos_694f8a7303f53d8b98d7dda9570eba69/image_algos.cc:430->./annotated_src/image_algos_694f8a7303f53d8b98d7dda9570eba69/image_algos.cc:574) and bus request on port 'gmem' (./annotated_src/image_algos_694f8a7303f53d8b98d7dda9570eba69/image_algos.cc:430->./annotated_src/image_algos_694f8a7303f53d8b98d7dda9570eba69/image_algos.cc:574).
WARNING: [SCHED 204-68] The II Violation in module 'min_max_shmem' (Loop: VSI_LOOP_29): Unable to enforce a carried dependence constraint (II = 2, distance = 1, offset = 1)
   between bus access on port 'gmem' (./annotated_src/image_algos_694f8a7303f53d8b98d7dda9570eba69/image_algos.cc:430->./annotated_src/image_algos_694f8a7303f53d8b98d7dda9570eba69/image_algos.cc:574) and bus request on port 'gmem' (./annotated_src/image_algos_694f8a7303f53d8b98d7dda9570eba69/image_algos.cc:430->./annotated_src/image_algos_694f8a7303f53d8b98d7dda9570eba69/image_algos.cc:574).
WARNING: [SCHED 204-68] The II Violation in module 'min_max_shmem' (Loop: VSI_LOOP_29): Unable to enforce a carried dependence constraint (II = 3, distance = 1, offset = 1)
   between bus access on port 'gmem' (./annotated_src/image_algos_694f8a7303f53d8b98d7dda9570eba69/image_algos.cc:430->./annotated_src/image_algos_694f8a7303f53d8b98d7dda9570eba69/image_algos.cc:574) and bus request on port 'gmem' (./annotated_src/image_algos_694f8a7303f53d8b98d7dda9570eba69/image_algos.cc:430->./annotated_src/image_algos_694f8a7303f53d8b98d7dda9570eba69/image_algos.cc:574).
WARNING: [SCHED 204-68] The II Violation in module 'min_max_shmem' (Loop: VSI_LOOP_29): Unable to enforce a carried dependence constraint (II = 4, distance = 1, offset = 1)
   between bus access on port 'gmem' (./annotated_src/image_algos_694f8a7303f53d8b98d7dda9570eba69/image_algos.cc:430->./annotated_src/image_algos_694f8a7303f53d8b98d7dda9570eba69/image_algos.cc:574) and bus request on port 'gmem' (./annotated_src/image_algos_694f8a7303f53d8b98d7dda9570eba69/image_algos.cc:430->./annotated_src/image_algos_694f8a7303f53d8b98d7dda9570eba69/image_algos.cc:574).
WARNING: [SCHED 204-68] The II Violation in module 'min_max_shmem' (Loop: VSI_LOOP_29): Unable to enforce a carried dependence constraint (II = 130, distance = 1, offset = 1)
   between bus access on port 'gmem' (./annotated_src/image_algos_694f8a7303f53d8b98d7dda9570eba69/image_algos.cc:430->./annotated_src/image_algos_694f8a7303f53d8b98d7dda9570eba69/image_algos.cc:574) and bus request on port 'gmem' (./annotated_src/image_algos_694f8a7303f53d8b98d7dda9570eba69/image_algos.cc:430->./annotated_src/image_algos_694f8a7303f53d8b98d7dda9570eba69/image_algos.cc:574).
WARNING: [SCHED 204-68] The II Violation in module 'min_max_shmem' (Loop: VSI_LOOP_29): Unable to enforce a carried dependence constraint (II = 193, distance = 1, offset = 1)
   between bus access on port 'gmem' (./annotated_src/image_algos_694f8a7303f53d8b98d7dda9570eba69/image_algos.cc:430->./annotated_src/image_algos_694f8a7303f53d8b98d7dda9570eba69/image_algos.cc:574) and bus request on port 'gmem' (./annotated_src/image_algos_694f8a7303f53d8b98d7dda9570eba69/image_algos.cc:430->./annotated_src/image_algos_694f8a7303f53d8b98d7dda9570eba69/image_algos.cc:574).
WARNING: [SCHED 204-68] The II Violation in module 'min_max_shmem' (Loop: VSI_LOOP_29): Unable to enforce a carried dependence constraint (II = 225, distance = 1, offset = 1)
   between bus access on port 'gmem' (./annotated_src/image_algos_694f8a7303f53d8b98d7dda9570eba69/image_algos.cc:430->./annotated_src/image_algos_694f8a7303f53d8b98d7dda9570eba69/image_algos.cc:574) and bus request on port 'gmem' (./annotated_src/image_algos_694f8a7303f53d8b98d7dda9570eba69/image_algos.cc:430->./annotated_src/image_algos_694f8a7303f53d8b98d7dda9570eba69/image_algos.cc:574).
WARNING: [SCHED 204-68] The II Violation in module 'min_max_shmem' (Loop: VSI_LOOP_29): Unable to enforce a carried dependence constraint (II = 229, distance = 1, offset = 1)
   between bus access on port 'gmem' (./annotated_src/image_algos_694f8a7303f53d8b98d7dda9570eba69/image_algos.cc:430->./annotated_src/image_algos_694f8a7303f53d8b98d7dda9570eba69/image_algos.cc:574) and bus request on port 'gmem' (./annotated_src/image_algos_694f8a7303f53d8b98d7dda9570eba69/image_algos.cc:430->./annotated_src/image_algos_694f8a7303f53d8b98d7dda9570eba69/image_algos.cc:574).
WARNING: [SCHED 204-68] The II Violation in module 'min_max_shmem' (Loop: VSI_LOOP_29): Unable to enforce a carried dependence constraint (II = 231, distance = 1, offset = 1)
   between bus access on port 'gmem' (./annotated_src/image_algos_694f8a7303f53d8b98d7dda9570eba69/image_algos.cc:430->./annotated_src/image_algos_694f8a7303f53d8b98d7dda9570eba69/image_algos.cc:574) and bus request on port 'gmem' (./annotated_src/image_algos_694f8a7303f53d8b98d7dda9570eba69/image_algos.cc:430->./annotated_src/image_algos_694f8a7303f53d8b98d7dda9570eba69/image_algos.cc:574).
WARNING: [SCHED 204-68] The II Violation in module 'min_max_shmem' (Loop: VSI_LOOP_29): Unable to enforce a carried dependence constraint (II = 232, distance = 1, offset = 1)
   between bus access on port 'gmem' (./annotated_src/image_algos_694f8a7303f53d8b98d7dda9570eba69/image_algos.cc:430->./annotated_src/image_algos_694f8a7303f53d8b98d7dda9570eba69/image_algos.cc:574) and bus request on port 'gmem' (./annotated_src/image_algos_694f8a7303f53d8b98d7dda9570eba69/image_algos.cc:430->./annotated_src/image_algos_694f8a7303f53d8b98d7dda9570eba69/image_algos.cc:574).
INFO: [SCHED 204-61] Pipelining result : Target II = 1, Final II = 233, Depth = 234.
INFO: [SCHED 204-61] Pipelining loop 'VSI_LOOP_29'.
WARNING: [SCHED 204-68] The II Violation in module 'min_max_shmem' (Loop: VSI_LOOP_29): Unable to enforce a carried dependence constraint (II = 1, distance = 1, offset = 1)
   between bus access on port 'gmem' (./annotated_src/image_algos_694f8a7303f53d8b98d7dda9570eba69/image_algos.cc:430->./annotated_src/image_algos_694f8a7303f53d8b98d7dda9570eba69/image_algos.cc:575) and bus request on port 'gmem' (./annotated_src/image_algos_694f8a7303f53d8b98d7dda9570eba69/image_algos.cc:430->./annotated_src/image_algos_694f8a7303f53d8b98d7dda9570eba69/image_algos.cc:575).
WARNING: [SCHED 204-68] The II Violation in module 'min_max_shmem' (Loop: VSI_LOOP_29): Unable to enforce a carried dependence constraint (II = 2, distance = 1, offset = 1)
   between bus access on port 'gmem' (./annotated_src/image_algos_694f8a7303f53d8b98d7dda9570eba69/image_algos.cc:430->./annotated_src/image_algos_694f8a7303f53d8b98d7dda9570eba69/image_algos.cc:575) and bus request on port 'gmem' (./annotated_src/image_algos_694f8a7303f53d8b98d7dda9570eba69/image_algos.cc:430->./annotated_src/image_algos_694f8a7303f53d8b98d7dda9570eba69/image_algos.cc:575).
WARNING: [SCHED 204-68] The II Violation in module 'min_max_shmem' (Loop: VSI_LOOP_29): Unable to enforce a carried dependence constraint (II = 3, distance = 1, offset = 1)
   between bus access on port 'gmem' (./annotated_src/image_algos_694f8a7303f53d8b98d7dda9570eba69/image_algos.cc:430->./annotated_src/image_algos_694f8a7303f53d8b98d7dda9570eba69/image_algos.cc:575) and bus request on port 'gmem' (./annotated_src/image_algos_694f8a7303f53d8b98d7dda9570eba69/image_algos.cc:430->./annotated_src/image_algos_694f8a7303f53d8b98d7dda9570eba69/image_algos.cc:575).
WARNING: [SCHED 204-68] The II Violation in module 'min_max_shmem' (Loop: VSI_LOOP_29): Unable to enforce a carried dependence constraint (II = 4, distance = 1, offset = 1)
   between bus access on port 'gmem' (./annotated_src/image_algos_694f8a7303f53d8b98d7dda9570eba69/image_algos.cc:430->./annotated_src/image_algos_694f8a7303f53d8b98d7dda9570eba69/image_algos.cc:575) and bus request on port 'gmem' (./annotated_src/image_algos_694f8a7303f53d8b98d7dda9570eba69/image_algos.cc:430->./annotated_src/image_algos_694f8a7303f53d8b98d7dda9570eba69/image_algos.cc:575).
WARNING: [SCHED 204-68] The II Violation in module 'min_max_shmem' (Loop: VSI_LOOP_29): Unable to enforce a carried dependence constraint (II = 130, distance = 1, offset = 1)
   between bus access on port 'gmem' (./annotated_src/image_algos_694f8a7303f53d8b98d7dda9570eba69/image_algos.cc:430->./annotated_src/image_algos_694f8a7303f53d8b98d7dda9570eba69/image_algos.cc:575) and bus request on port 'gmem' (./annotated_src/image_algos_694f8a7303f53d8b98d7dda9570eba69/image_algos.cc:430->./annotated_src/image_algos_694f8a7303f53d8b98d7dda9570eba69/image_algos.cc:575).
WARNING: [SCHED 204-68] The II Violation in module 'min_max_shmem' (Loop: VSI_LOOP_29): Unable to enforce a carried dependence constraint (II = 193, distance = 1, offset = 1)
   between bus access on port 'gmem' (./annotated_src/image_algos_694f8a7303f53d8b98d7dda9570eba69/image_algos.cc:430->./annotated_src/image_algos_694f8a7303f53d8b98d7dda9570eba69/image_algos.cc:575) and bus request on port 'gmem' (./annotated_src/image_algos_694f8a7303f53d8b98d7dda9570eba69/image_algos.cc:430->./annotated_src/image_algos_694f8a7303f53d8b98d7dda9570eba69/image_algos.cc:575).
WARNING: [SCHED 204-68] The II Violation in module 'min_max_shmem' (Loop: VSI_LOOP_29): Unable to enforce a carried dependence constraint (II = 225, distance = 1, offset = 1)
   between bus access on port 'gmem' (./annotated_src/image_algos_694f8a7303f53d8b98d7dda9570eba69/image_algos.cc:430->./annotated_src/image_algos_694f8a7303f53d8b98d7dda9570eba69/image_algos.cc:575) and bus request on port 'gmem' (./annotated_src/image_algos_694f8a7303f53d8b98d7dda9570eba69/image_algos.cc:430->./annotated_src/image_algos_694f8a7303f53d8b98d7dda9570eba69/image_algos.cc:575).
WARNING: [SCHED 204-68] The II Violation in module 'min_max_shmem' (Loop: VSI_LOOP_29): Unable to enforce a carried dependence constraint (II = 229, distance = 1, offset = 1)
   between bus access on port 'gmem' (./annotated_src/image_algos_694f8a7303f53d8b98d7dda9570eba69/image_algos.cc:430->./annotated_src/image_algos_694f8a7303f53d8b98d7dda9570eba69/image_algos.cc:575) and bus request on port 'gmem' (./annotated_src/image_algos_694f8a7303f53d8b98d7dda9570eba69/image_algos.cc:430->./annotated_src/image_algos_694f8a7303f53d8b98d7dda9570eba69/image_algos.cc:575).
WARNING: [SCHED 204-68] The II Violation in module 'min_max_shmem' (Loop: VSI_LOOP_29): Unable to enforce a carried dependence constraint (II = 231, distance = 1, offset = 1)
   between bus access on port 'gmem' (./annotated_src/image_algos_694f8a7303f53d8b98d7dda9570eba69/image_algos.cc:430->./annotated_src/image_algos_694f8a7303f53d8b98d7dda9570eba69/image_algos.cc:575) and bus request on port 'gmem' (./annotated_src/image_algos_694f8a7303f53d8b98d7dda9570eba69/image_algos.cc:430->./annotated_src/image_algos_694f8a7303f53d8b98d7dda9570eba69/image_algos.cc:575).
WARNING: [SCHED 204-68] The II Violation in module 'min_max_shmem' (Loop: VSI_LOOP_29): Unable to enforce a carried dependence constraint (II = 232, distance = 1, offset = 1)
   between bus access on port 'gmem' (./annotated_src/image_algos_694f8a7303f53d8b98d7dda9570eba69/image_algos.cc:430->./annotated_src/image_algos_694f8a7303f53d8b98d7dda9570eba69/image_algos.cc:575) and bus request on port 'gmem' (./annotated_src/image_algos_694f8a7303f53d8b98d7dda9570eba69/image_algos.cc:430->./annotated_src/image_algos_694f8a7303f53d8b98d7dda9570eba69/image_algos.cc:575).
INFO: [SCHED 204-61] Pipelining result : Target II = 1, Final II = 233, Depth = 234.
INFO: [SCHED 204-61] Pipelining loop 'VSI_LOOP_29'.
WARNING: [SCHED 204-68] The II Violation in module 'min_max_shmem' (Loop: VSI_LOOP_29): Unable to enforce a carried dependence constraint (II = 1, distance = 1, offset = 1)
   between bus access on port 'gmem' (./annotated_src/image_algos_694f8a7303f53d8b98d7dda9570eba69/image_algos.cc:430->./annotated_src/image_algos_694f8a7303f53d8b98d7dda9570eba69/image_algos.cc:576) and bus request on port 'gmem' (./annotated_src/image_algos_694f8a7303f53d8b98d7dda9570eba69/image_algos.cc:430->./annotated_src/image_algos_694f8a7303f53d8b98d7dda9570eba69/image_algos.cc:576).
WARNING: [SCHED 204-68] The II Violation in module 'min_max_shmem' (Loop: VSI_LOOP_29): Unable to enforce a carried dependence constraint (II = 2, distance = 1, offset = 1)
   between bus access on port 'gmem' (./annotated_src/image_algos_694f8a7303f53d8b98d7dda9570eba69/image_algos.cc:430->./annotated_src/image_algos_694f8a7303f53d8b98d7dda9570eba69/image_algos.cc:576) and bus request on port 'gmem' (./annotated_src/image_algos_694f8a7303f53d8b98d7dda9570eba69/image_algos.cc:430->./annotated_src/image_algos_694f8a7303f53d8b98d7dda9570eba69/image_algos.cc:576).
WARNING: [SCHED 204-68] The II Violation in module 'min_max_shmem' (Loop: VSI_LOOP_29): Unable to enforce a carried dependence constraint (II = 3, distance = 1, offset = 1)
   between bus access on port 'gmem' (./annotated_src/image_algos_694f8a7303f53d8b98d7dda9570eba69/image_algos.cc:430->./annotated_src/image_algos_694f8a7303f53d8b98d7dda9570eba69/image_algos.cc:576) and bus request on port 'gmem' (./annotated_src/image_algos_694f8a7303f53d8b98d7dda9570eba69/image_algos.cc:430->./annotated_src/image_algos_694f8a7303f53d8b98d7dda9570eba69/image_algos.cc:576).
WARNING: [SCHED 204-68] The II Violation in module 'min_max_shmem' (Loop: VSI_LOOP_29): Unable to enforce a carried dependence constraint (II = 4, distance = 1, offset = 1)
   between bus access on port 'gmem' (./annotated_src/image_algos_694f8a7303f53d8b98d7dda9570eba69/image_algos.cc:430->./annotated_src/image_algos_694f8a7303f53d8b98d7dda9570eba69/image_algos.cc:576) and bus request on port 'gmem' (./annotated_src/image_algos_694f8a7303f53d8b98d7dda9570eba69/image_algos.cc:430->./annotated_src/image_algos_694f8a7303f53d8b98d7dda9570eba69/image_algos.cc:576).
WARNING: [SCHED 204-68] The II Violation in module 'min_max_shmem' (Loop: VSI_LOOP_29): Unable to enforce a carried dependence constraint (II = 130, distance = 1, offset = 1)
   between bus access on port 'gmem' (./annotated_src/image_algos_694f8a7303f53d8b98d7dda9570eba69/image_algos.cc:430->./annotated_src/image_algos_694f8a7303f53d8b98d7dda9570eba69/image_algos.cc:576) and bus request on port 'gmem' (./annotated_src/image_algos_694f8a7303f53d8b98d7dda9570eba69/image_algos.cc:430->./annotated_src/image_algos_694f8a7303f53d8b98d7dda9570eba69/image_algos.cc:576).
WARNING: [SCHED 204-68] The II Violation in module 'min_max_shmem' (Loop: VSI_LOOP_29): Unable to enforce a carried dependence constraint (II = 193, distance = 1, offset = 1)
   between bus access on port 'gmem' (./annotated_src/image_algos_694f8a7303f53d8b98d7dda9570eba69/image_algos.cc:430->./annotated_src/image_algos_694f8a7303f53d8b98d7dda9570eba69/image_algos.cc:576) and bus request on port 'gmem' (./annotated_src/image_algos_694f8a7303f53d8b98d7dda9570eba69/image_algos.cc:430->./annotated_src/image_algos_694f8a7303f53d8b98d7dda9570eba69/image_algos.cc:576).
WARNING: [SCHED 204-68] The II Violation in module 'min_max_shmem' (Loop: VSI_LOOP_29): Unable to enforce a carried dependence constraint (II = 225, distance = 1, offset = 1)
   between bus access on port 'gmem' (./annotated_src/image_algos_694f8a7303f53d8b98d7dda9570eba69/image_algos.cc:430->./annotated_src/image_algos_694f8a7303f53d8b98d7dda9570eba69/image_algos.cc:576) and bus request on port 'gmem' (./annotated_src/image_algos_694f8a7303f53d8b98d7dda9570eba69/image_algos.cc:430->./annotated_src/image_algos_694f8a7303f53d8b98d7dda9570eba69/image_algos.cc:576).
WARNING: [SCHED 204-68] The II Violation in module 'min_max_shmem' (Loop: VSI_LOOP_29): Unable to enforce a carried dependence constraint (II = 229, distance = 1, offset = 1)
   between bus access on port 'gmem' (./annotated_src/image_algos_694f8a7303f53d8b98d7dda9570eba69/image_algos.cc:430->./annotated_src/image_algos_694f8a7303f53d8b98d7dda9570eba69/image_algos.cc:576) and bus request on port 'gmem' (./annotated_src/image_algos_694f8a7303f53d8b98d7dda9570eba69/image_algos.cc:430->./annotated_src/image_algos_694f8a7303f53d8b98d7dda9570eba69/image_algos.cc:576).
WARNING: [SCHED 204-68] The II Violation in module 'min_max_shmem' (Loop: VSI_LOOP_29): Unable to enforce a carried dependence constraint (II = 231, distance = 1, offset = 1)
   between bus access on port 'gmem' (./annotated_src/image_algos_694f8a7303f53d8b98d7dda9570eba69/image_algos.cc:430->./annotated_src/image_algos_694f8a7303f53d8b98d7dda9570eba69/image_algos.cc:576) and bus request on port 'gmem' (./annotated_src/image_algos_694f8a7303f53d8b98d7dda9570eba69/image_algos.cc:430->./annotated_src/image_algos_694f8a7303f53d8b98d7dda9570eba69/image_algos.cc:576).
WARNING: [SCHED 204-68] The II Violation in module 'min_max_shmem' (Loop: VSI_LOOP_29): Unable to enforce a carried dependence constraint (II = 232, distance = 1, offset = 1)
   between bus access on port 'gmem' (./annotated_src/image_algos_694f8a7303f53d8b98d7dda9570eba69/image_algos.cc:430->./annotated_src/image_algos_694f8a7303f53d8b98d7dda9570eba69/image_algos.cc:576) and bus request on port 'gmem' (./annotated_src/image_algos_694f8a7303f53d8b98d7dda9570eba69/image_algos.cc:430->./annotated_src/image_algos_694f8a7303f53d8b98d7dda9570eba69/image_algos.cc:576).
INFO: [SCHED 204-61] Pipelining result : Target II = 1, Final II = 233, Depth = 234.
INFO: [SCHED 204-61] Pipelining loop 'VSI_LOOP_29'.
WARNING: [SCHED 204-68] The II Violation in module 'min_max_shmem' (Loop: VSI_LOOP_29): Unable to enforce a carried dependence constraint (II = 1, distance = 1, offset = 1)
   between bus access on port 'gmem' (./annotated_src/image_algos_694f8a7303f53d8b98d7dda9570eba69/image_algos.cc:430->./annotated_src/image_algos_694f8a7303f53d8b98d7dda9570eba69/image_algos.cc:577) and bus request on port 'gmem' (./annotated_src/image_algos_694f8a7303f53d8b98d7dda9570eba69/image_algos.cc:430->./annotated_src/image_algos_694f8a7303f53d8b98d7dda9570eba69/image_algos.cc:577).
WARNING: [SCHED 204-68] The II Violation in module 'min_max_shmem' (Loop: VSI_LOOP_29): Unable to enforce a carried dependence constraint (II = 2, distance = 1, offset = 1)
   between bus access on port 'gmem' (./annotated_src/image_algos_694f8a7303f53d8b98d7dda9570eba69/image_algos.cc:430->./annotated_src/image_algos_694f8a7303f53d8b98d7dda9570eba69/image_algos.cc:577) and bus request on port 'gmem' (./annotated_src/image_algos_694f8a7303f53d8b98d7dda9570eba69/image_algos.cc:430->./annotated_src/image_algos_694f8a7303f53d8b98d7dda9570eba69/image_algos.cc:577).
WARNING: [SCHED 204-68] The II Violation in module 'min_max_shmem' (Loop: VSI_LOOP_29): Unable to enforce a carried dependence constraint (II = 3, distance = 1, offset = 1)
   between bus access on port 'gmem' (./annotated_src/image_algos_694f8a7303f53d8b98d7dda9570eba69/image_algos.cc:430->./annotated_src/image_algos_694f8a7303f53d8b98d7dda9570eba69/image_algos.cc:577) and bus request on port 'gmem' (./annotated_src/image_algos_694f8a7303f53d8b98d7dda9570eba69/image_algos.cc:430->./annotated_src/image_algos_694f8a7303f53d8b98d7dda9570eba69/image_algos.cc:577).
WARNING: [SCHED 204-68] The II Violation in module 'min_max_shmem' (Loop: VSI_LOOP_29): Unable to enforce a carried dependence constraint (II = 4, distance = 1, offset = 1)
   between bus access on port 'gmem' (./annotated_src/image_algos_694f8a7303f53d8b98d7dda9570eba69/image_algos.cc:430->./annotated_src/image_algos_694f8a7303f53d8b98d7dda9570eba69/image_algos.cc:577) and bus request on port 'gmem' (./annotated_src/image_algos_694f8a7303f53d8b98d7dda9570eba69/image_algos.cc:430->./annotated_src/image_algos_694f8a7303f53d8b98d7dda9570eba69/image_algos.cc:577).
WARNING: [SCHED 204-68] The II Violation in module 'min_max_shmem' (Loop: VSI_LOOP_29): Unable to enforce a carried dependence constraint (II = 130, distance = 1, offset = 1)
   between bus access on port 'gmem' (./annotated_src/image_algos_694f8a7303f53d8b98d7dda9570eba69/image_algos.cc:430->./annotated_src/image_algos_694f8a7303f53d8b98d7dda9570eba69/image_algos.cc:577) and bus request on port 'gmem' (./annotated_src/image_algos_694f8a7303f53d8b98d7dda9570eba69/image_algos.cc:430->./annotated_src/image_algos_694f8a7303f53d8b98d7dda9570eba69/image_algos.cc:577).
WARNING: [SCHED 204-68] The II Violation in module 'min_max_shmem' (Loop: VSI_LOOP_29): Unable to enforce a carried dependence constraint (II = 193, distance = 1, offset = 1)
   between bus access on port 'gmem' (./annotated_src/image_algos_694f8a7303f53d8b98d7dda9570eba69/image_algos.cc:430->./annotated_src/image_algos_694f8a7303f53d8b98d7dda9570eba69/image_algos.cc:577) and bus request on port 'gmem' (./annotated_src/image_algos_694f8a7303f53d8b98d7dda9570eba69/image_algos.cc:430->./annotated_src/image_algos_694f8a7303f53d8b98d7dda9570eba69/image_algos.cc:577).
WARNING: [SCHED 204-68] The II Violation in module 'min_max_shmem' (Loop: VSI_LOOP_29): Unable to enforce a carried dependence constraint (II = 225, distance = 1, offset = 1)
   between bus access on port 'gmem' (./annotated_src/image_algos_694f8a7303f53d8b98d7dda9570eba69/image_algos.cc:430->./annotated_src/image_algos_694f8a7303f53d8b98d7dda9570eba69/image_algos.cc:577) and bus request on port 'gmem' (./annotated_src/image_algos_694f8a7303f53d8b98d7dda9570eba69/image_algos.cc:430->./annotated_src/image_algos_694f8a7303f53d8b98d7dda9570eba69/image_algos.cc:577).
WARNING: [SCHED 204-68] The II Violation in module 'min_max_shmem' (Loop: VSI_LOOP_29): Unable to enforce a carried dependence constraint (II = 229, distance = 1, offset = 1)
   between bus access on port 'gmem' (./annotated_src/image_algos_694f8a7303f53d8b98d7dda9570eba69/image_algos.cc:430->./annotated_src/image_algos_694f8a7303f53d8b98d7dda9570eba69/image_algos.cc:577) and bus request on port 'gmem' (./annotated_src/image_algos_694f8a7303f53d8b98d7dda9570eba69/image_algos.cc:430->./annotated_src/image_algos_694f8a7303f53d8b98d7dda9570eba69/image_algos.cc:577).
WARNING: [SCHED 204-68] The II Violation in module 'min_max_shmem' (Loop: VSI_LOOP_29): Unable to enforce a carried dependence constraint (II = 231, distance = 1, offset = 1)
   between bus access on port 'gmem' (./annotated_src/image_algos_694f8a7303f53d8b98d7dda9570eba69/image_algos.cc:430->./annotated_src/image_algos_694f8a7303f53d8b98d7dda9570eba69/image_algos.cc:577) and bus request on port 'gmem' (./annotated_src/image_algos_694f8a7303f53d8b98d7dda9570eba69/image_algos.cc:430->./annotated_src/image_algos_694f8a7303f53d8b98d7dda9570eba69/image_algos.cc:577).
WARNING: [SCHED 204-68] The II Violation in module 'min_max_shmem' (Loop: VSI_LOOP_29): Unable to enforce a carried dependence constraint (II = 232, distance = 1, offset = 1)
   between bus access on port 'gmem' (./annotated_src/image_algos_694f8a7303f53d8b98d7dda9570eba69/image_algos.cc:430->./annotated_src/image_algos_694f8a7303f53d8b98d7dda9570eba69/image_algos.cc:577) and bus request on port 'gmem' (./annotated_src/image_algos_694f8a7303f53d8b98d7dda9570eba69/image_algos.cc:430->./annotated_src/image_algos_694f8a7303f53d8b98d7dda9570eba69/image_algos.cc:577).
INFO: [SCHED 204-61] Pipelining result : Target II = 1, Final II = 233, Depth = 234.
INFO: [SCHED 204-61] Pipelining loop 'VSI_LOOP_29'.
WARNING: [SCHED 204-68] The II Violation in module 'min_max_shmem' (Loop: VSI_LOOP_29): Unable to enforce a carried dependence constraint (II = 1, distance = 1, offset = 1)
   between bus access on port 'gmem' (./annotated_src/image_algos_694f8a7303f53d8b98d7dda9570eba69/image_algos.cc:430->./annotated_src/image_algos_694f8a7303f53d8b98d7dda9570eba69/image_algos.cc:580) and bus request on port 'gmem' (./annotated_src/image_algos_694f8a7303f53d8b98d7dda9570eba69/image_algos.cc:430->./annotated_src/image_algos_694f8a7303f53d8b98d7dda9570eba69/image_algos.cc:580).
WARNING: [SCHED 204-68] The II Violation in module 'min_max_shmem' (Loop: VSI_LOOP_29): Unable to enforce a carried dependence constraint (II = 2, distance = 1, offset = 1)
   between bus access on port 'gmem' (./annotated_src/image_algos_694f8a7303f53d8b98d7dda9570eba69/image_algos.cc:430->./annotated_src/image_algos_694f8a7303f53d8b98d7dda9570eba69/image_algos.cc:580) and bus request on port 'gmem' (./annotated_src/image_algos_694f8a7303f53d8b98d7dda9570eba69/image_algos.cc:430->./annotated_src/image_algos_694f8a7303f53d8b98d7dda9570eba69/image_algos.cc:580).
WARNING: [SCHED 204-68] The II Violation in module 'min_max_shmem' (Loop: VSI_LOOP_29): Unable to enforce a carried dependence constraint (II = 3, distance = 1, offset = 1)
   between bus access on port 'gmem' (./annotated_src/image_algos_694f8a7303f53d8b98d7dda9570eba69/image_algos.cc:430->./annotated_src/image_algos_694f8a7303f53d8b98d7dda9570eba69/image_algos.cc:580) and bus request on port 'gmem' (./annotated_src/image_algos_694f8a7303f53d8b98d7dda9570eba69/image_algos.cc:430->./annotated_src/image_algos_694f8a7303f53d8b98d7dda9570eba69/image_algos.cc:580).
WARNING: [SCHED 204-68] The II Violation in module 'min_max_shmem' (Loop: VSI_LOOP_29): Unable to enforce a carried dependence constraint (II = 4, distance = 1, offset = 1)
   between bus access on port 'gmem' (./annotated_src/image_algos_694f8a7303f53d8b98d7dda9570eba69/image_algos.cc:430->./annotated_src/image_algos_694f8a7303f53d8b98d7dda9570eba69/image_algos.cc:580) and bus request on port 'gmem' (./annotated_src/image_algos_694f8a7303f53d8b98d7dda9570eba69/image_algos.cc:430->./annotated_src/image_algos_694f8a7303f53d8b98d7dda9570eba69/image_algos.cc:580).
WARNING: [SCHED 204-68] The II Violation in module 'min_max_shmem' (Loop: VSI_LOOP_29): Unable to enforce a carried dependence constraint (II = 130, distance = 1, offset = 1)
   between bus access on port 'gmem' (./annotated_src/image_algos_694f8a7303f53d8b98d7dda9570eba69/image_algos.cc:430->./annotated_src/image_algos_694f8a7303f53d8b98d7dda9570eba69/image_algos.cc:580) and bus request on port 'gmem' (./annotated_src/image_algos_694f8a7303f53d8b98d7dda9570eba69/image_algos.cc:430->./annotated_src/image_algos_694f8a7303f53d8b98d7dda9570eba69/image_algos.cc:580).
WARNING: [SCHED 204-68] The II Violation in module 'min_max_shmem' (Loop: VSI_LOOP_29): Unable to enforce a carried dependence constraint (II = 193, distance = 1, offset = 1)
   between bus access on port 'gmem' (./annotated_src/image_algos_694f8a7303f53d8b98d7dda9570eba69/image_algos.cc:430->./annotated_src/image_algos_694f8a7303f53d8b98d7dda9570eba69/image_algos.cc:580) and bus request on port 'gmem' (./annotated_src/image_algos_694f8a7303f53d8b98d7dda9570eba69/image_algos.cc:430->./annotated_src/image_algos_694f8a7303f53d8b98d7dda9570eba69/image_algos.cc:580).
WARNING: [SCHED 204-68] The II Violation in module 'min_max_shmem' (Loop: VSI_LOOP_29): Unable to enforce a carried dependence constraint (II = 225, distance = 1, offset = 1)
   between bus access on port 'gmem' (./annotated_src/image_algos_694f8a7303f53d8b98d7dda9570eba69/image_algos.cc:430->./annotated_src/image_algos_694f8a7303f53d8b98d7dda9570eba69/image_algos.cc:580) and bus request on port 'gmem' (./annotated_src/image_algos_694f8a7303f53d8b98d7dda9570eba69/image_algos.cc:430->./annotated_src/image_algos_694f8a7303f53d8b98d7dda9570eba69/image_algos.cc:580).
WARNING: [SCHED 204-68] The II Violation in module 'min_max_shmem' (Loop: VSI_LOOP_29): Unable to enforce a carried dependence constraint (II = 229, distance = 1, offset = 1)
   between bus access on port 'gmem' (./annotated_src/image_algos_694f8a7303f53d8b98d7dda9570eba69/image_algos.cc:430->./annotated_src/image_algos_694f8a7303f53d8b98d7dda9570eba69/image_algos.cc:580) and bus request on port 'gmem' (./annotated_src/image_algos_694f8a7303f53d8b98d7dda9570eba69/image_algos.cc:430->./annotated_src/image_algos_694f8a7303f53d8b98d7dda9570eba69/image_algos.cc:580).
WARNING: [SCHED 204-68] The II Violation in module 'min_max_shmem' (Loop: VSI_LOOP_29): Unable to enforce a carried dependence constraint (II = 231, distance = 1, offset = 1)
   between bus access on port 'gmem' (./annotated_src/image_algos_694f8a7303f53d8b98d7dda9570eba69/image_algos.cc:430->./annotated_src/image_algos_694f8a7303f53d8b98d7dda9570eba69/image_algos.cc:580) and bus request on port 'gmem' (./annotated_src/image_algos_694f8a7303f53d8b98d7dda9570eba69/image_algos.cc:430->./annotated_src/image_algos_694f8a7303f53d8b98d7dda9570eba69/image_algos.cc:580).
WARNING: [SCHED 204-68] The II Violation in module 'min_max_shmem' (Loop: VSI_LOOP_29): Unable to enforce a carried dependence constraint (II = 232, distance = 1, offset = 1)
   between bus access on port 'gmem' (./annotated_src/image_algos_694f8a7303f53d8b98d7dda9570eba69/image_algos.cc:430->./annotated_src/image_algos_694f8a7303f53d8b98d7dda9570eba69/image_algos.cc:580) and bus request on port 'gmem' (./annotated_src/image_algos_694f8a7303f53d8b98d7dda9570eba69/image_algos.cc:430->./annotated_src/image_algos_694f8a7303f53d8b98d7dda9570eba69/image_algos.cc:580).
INFO: [SCHED 204-61] Pipelining result : Target II = 1, Final II = 233, Depth = 234.
INFO: [SCHED 204-61] Pipelining loop 'VSI_LOOP_29'.
WARNING: [SCHED 204-68] The II Violation in module 'min_max_shmem' (Loop: VSI_LOOP_29): Unable to enforce a carried dependence constraint (II = 1, distance = 1, offset = 1)
   between bus access on port 'gmem' (./annotated_src/image_algos_694f8a7303f53d8b98d7dda9570eba69/image_algos.cc:430->./annotated_src/image_algos_694f8a7303f53d8b98d7dda9570eba69/image_algos.cc:581) and bus request on port 'gmem' (./annotated_src/image_algos_694f8a7303f53d8b98d7dda9570eba69/image_algos.cc:430->./annotated_src/image_algos_694f8a7303f53d8b98d7dda9570eba69/image_algos.cc:581).
WARNING: [SCHED 204-68] The II Violation in module 'min_max_shmem' (Loop: VSI_LOOP_29): Unable to enforce a carried dependence constraint (II = 2, distance = 1, offset = 1)
   between bus access on port 'gmem' (./annotated_src/image_algos_694f8a7303f53d8b98d7dda9570eba69/image_algos.cc:430->./annotated_src/image_algos_694f8a7303f53d8b98d7dda9570eba69/image_algos.cc:581) and bus request on port 'gmem' (./annotated_src/image_algos_694f8a7303f53d8b98d7dda9570eba69/image_algos.cc:430->./annotated_src/image_algos_694f8a7303f53d8b98d7dda9570eba69/image_algos.cc:581).
WARNING: [SCHED 204-68] The II Violation in module 'min_max_shmem' (Loop: VSI_LOOP_29): Unable to enforce a carried dependence constraint (II = 3, distance = 1, offset = 1)
   between bus access on port 'gmem' (./annotated_src/image_algos_694f8a7303f53d8b98d7dda9570eba69/image_algos.cc:430->./annotated_src/image_algos_694f8a7303f53d8b98d7dda9570eba69/image_algos.cc:581) and bus request on port 'gmem' (./annotated_src/image_algos_694f8a7303f53d8b98d7dda9570eba69/image_algos.cc:430->./annotated_src/image_algos_694f8a7303f53d8b98d7dda9570eba69/image_algos.cc:581).
WARNING: [SCHED 204-68] The II Violation in module 'min_max_shmem' (Loop: VSI_LOOP_29): Unable to enforce a carried dependence constraint (II = 4, distance = 1, offset = 1)
   between bus access on port 'gmem' (./annotated_src/image_algos_694f8a7303f53d8b98d7dda9570eba69/image_algos.cc:430->./annotated_src/image_algos_694f8a7303f53d8b98d7dda9570eba69/image_algos.cc:581) and bus request on port 'gmem' (./annotated_src/image_algos_694f8a7303f53d8b98d7dda9570eba69/image_algos.cc:430->./annotated_src/image_algos_694f8a7303f53d8b98d7dda9570eba69/image_algos.cc:581).
WARNING: [SCHED 204-68] The II Violation in module 'min_max_shmem' (Loop: VSI_LOOP_29): Unable to enforce a carried dependence constraint (II = 130, distance = 1, offset = 1)
   between bus access on port 'gmem' (./annotated_src/image_algos_694f8a7303f53d8b98d7dda9570eba69/image_algos.cc:430->./annotated_src/image_algos_694f8a7303f53d8b98d7dda9570eba69/image_algos.cc:581) and bus request on port 'gmem' (./annotated_src/image_algos_694f8a7303f53d8b98d7dda9570eba69/image_algos.cc:430->./annotated_src/image_algos_694f8a7303f53d8b98d7dda9570eba69/image_algos.cc:581).
WARNING: [SCHED 204-68] The II Violation in module 'min_max_shmem' (Loop: VSI_LOOP_29): Unable to enforce a carried dependence constraint (II = 193, distance = 1, offset = 1)
   between bus access on port 'gmem' (./annotated_src/image_algos_694f8a7303f53d8b98d7dda9570eba69/image_algos.cc:430->./annotated_src/image_algos_694f8a7303f53d8b98d7dda9570eba69/image_algos.cc:581) and bus request on port 'gmem' (./annotated_src/image_algos_694f8a7303f53d8b98d7dda9570eba69/image_algos.cc:430->./annotated_src/image_algos_694f8a7303f53d8b98d7dda9570eba69/image_algos.cc:581).
WARNING: [SCHED 204-68] The II Violation in module 'min_max_shmem' (Loop: VSI_LOOP_29): Unable to enforce a carried dependence constraint (II = 225, distance = 1, offset = 1)
   between bus access on port 'gmem' (./annotated_src/image_algos_694f8a7303f53d8b98d7dda9570eba69/image_algos.cc:430->./annotated_src/image_algos_694f8a7303f53d8b98d7dda9570eba69/image_algos.cc:581) and bus request on port 'gmem' (./annotated_src/image_algos_694f8a7303f53d8b98d7dda9570eba69/image_algos.cc:430->./annotated_src/image_algos_694f8a7303f53d8b98d7dda9570eba69/image_algos.cc:581).
WARNING: [SCHED 204-68] The II Violation in module 'min_max_shmem' (Loop: VSI_LOOP_29): Unable to enforce a carried dependence constraint (II = 229, distance = 1, offset = 1)
   between bus access on port 'gmem' (./annotated_src/image_algos_694f8a7303f53d8b98d7dda9570eba69/image_algos.cc:430->./annotated_src/image_algos_694f8a7303f53d8b98d7dda9570eba69/image_algos.cc:581) and bus request on port 'gmem' (./annotated_src/image_algos_694f8a7303f53d8b98d7dda9570eba69/image_algos.cc:430->./annotated_src/image_algos_694f8a7303f53d8b98d7dda9570eba69/image_algos.cc:581).
WARNING: [SCHED 204-68] The II Violation in module 'min_max_shmem' (Loop: VSI_LOOP_29): Unable to enforce a carried dependence constraint (II = 231, distance = 1, offset = 1)
   between bus access on port 'gmem' (./annotated_src/image_algos_694f8a7303f53d8b98d7dda9570eba69/image_algos.cc:430->./annotated_src/image_algos_694f8a7303f53d8b98d7dda9570eba69/image_algos.cc:581) and bus request on port 'gmem' (./annotated_src/image_algos_694f8a7303f53d8b98d7dda9570eba69/image_algos.cc:430->./annotated_src/image_algos_694f8a7303f53d8b98d7dda9570eba69/image_algos.cc:581).
WARNING: [SCHED 204-68] The II Violation in module 'min_max_shmem' (Loop: VSI_LOOP_29): Unable to enforce a carried dependence constraint (II = 232, distance = 1, offset = 1)
   between bus access on port 'gmem' (./annotated_src/image_algos_694f8a7303f53d8b98d7dda9570eba69/image_algos.cc:430->./annotated_src/image_algos_694f8a7303f53d8b98d7dda9570eba69/image_algos.cc:581) and bus request on port 'gmem' (./annotated_src/image_algos_694f8a7303f53d8b98d7dda9570eba69/image_algos.cc:430->./annotated_src/image_algos_694f8a7303f53d8b98d7dda9570eba69/image_algos.cc:581).
INFO: [SCHED 204-61] Pipelining result : Target II = 1, Final II = 233, Depth = 234.
INFO: [SCHED 204-61] Pipelining loop 'VSI_LOOP_29'.
WARNING: [SCHED 204-68] The II Violation in module 'min_max_shmem' (Loop: VSI_LOOP_29): Unable to enforce a carried dependence constraint (II = 1, distance = 1, offset = 1)
   between bus access on port 'gmem' (./annotated_src/image_algos_694f8a7303f53d8b98d7dda9570eba69/image_algos.cc:430->./annotated_src/image_algos_694f8a7303f53d8b98d7dda9570eba69/image_algos.cc:582) and bus request on port 'gmem' (./annotated_src/image_algos_694f8a7303f53d8b98d7dda9570eba69/image_algos.cc:430->./annotated_src/image_algos_694f8a7303f53d8b98d7dda9570eba69/image_algos.cc:582).
WARNING: [SCHED 204-68] The II Violation in module 'min_max_shmem' (Loop: VSI_LOOP_29): Unable to enforce a carried dependence constraint (II = 2, distance = 1, offset = 1)
   between bus access on port 'gmem' (./annotated_src/image_algos_694f8a7303f53d8b98d7dda9570eba69/image_algos.cc:430->./annotated_src/image_algos_694f8a7303f53d8b98d7dda9570eba69/image_algos.cc:582) and bus request on port 'gmem' (./annotated_src/image_algos_694f8a7303f53d8b98d7dda9570eba69/image_algos.cc:430->./annotated_src/image_algos_694f8a7303f53d8b98d7dda9570eba69/image_algos.cc:582).
WARNING: [SCHED 204-68] The II Violation in module 'min_max_shmem' (Loop: VSI_LOOP_29): Unable to enforce a carried dependence constraint (II = 3, distance = 1, offset = 1)
   between bus access on port 'gmem' (./annotated_src/image_algos_694f8a7303f53d8b98d7dda9570eba69/image_algos.cc:430->./annotated_src/image_algos_694f8a7303f53d8b98d7dda9570eba69/image_algos.cc:582) and bus request on port 'gmem' (./annotated_src/image_algos_694f8a7303f53d8b98d7dda9570eba69/image_algos.cc:430->./annotated_src/image_algos_694f8a7303f53d8b98d7dda9570eba69/image_algos.cc:582).
WARNING: [SCHED 204-68] The II Violation in module 'min_max_shmem' (Loop: VSI_LOOP_29): Unable to enforce a carried dependence constraint (II = 4, distance = 1, offset = 1)
   between bus access on port 'gmem' (./annotated_src/image_algos_694f8a7303f53d8b98d7dda9570eba69/image_algos.cc:430->./annotated_src/image_algos_694f8a7303f53d8b98d7dda9570eba69/image_algos.cc:582) and bus request on port 'gmem' (./annotated_src/image_algos_694f8a7303f53d8b98d7dda9570eba69/image_algos.cc:430->./annotated_src/image_algos_694f8a7303f53d8b98d7dda9570eba69/image_algos.cc:582).
WARNING: [SCHED 204-68] The II Violation in module 'min_max_shmem' (Loop: VSI_LOOP_29): Unable to enforce a carried dependence constraint (II = 130, distance = 1, offset = 1)
   between bus access on port 'gmem' (./annotated_src/image_algos_694f8a7303f53d8b98d7dda9570eba69/image_algos.cc:430->./annotated_src/image_algos_694f8a7303f53d8b98d7dda9570eba69/image_algos.cc:582) and bus request on port 'gmem' (./annotated_src/image_algos_694f8a7303f53d8b98d7dda9570eba69/image_algos.cc:430->./annotated_src/image_algos_694f8a7303f53d8b98d7dda9570eba69/image_algos.cc:582).
WARNING: [SCHED 204-68] The II Violation in module 'min_max_shmem' (Loop: VSI_LOOP_29): Unable to enforce a carried dependence constraint (II = 193, distance = 1, offset = 1)
   between bus access on port 'gmem' (./annotated_src/image_algos_694f8a7303f53d8b98d7dda9570eba69/image_algos.cc:430->./annotated_src/image_algos_694f8a7303f53d8b98d7dda9570eba69/image_algos.cc:582) and bus request on port 'gmem' (./annotated_src/image_algos_694f8a7303f53d8b98d7dda9570eba69/image_algos.cc:430->./annotated_src/image_algos_694f8a7303f53d8b98d7dda9570eba69/image_algos.cc:582).
WARNING: [SCHED 204-68] The II Violation in module 'min_max_shmem' (Loop: VSI_LOOP_29): Unable to enforce a carried dependence constraint (II = 225, distance = 1, offset = 1)
   between bus access on port 'gmem' (./annotated_src/image_algos_694f8a7303f53d8b98d7dda9570eba69/image_algos.cc:430->./annotated_src/image_algos_694f8a7303f53d8b98d7dda9570eba69/image_algos.cc:582) and bus request on port 'gmem' (./annotated_src/image_algos_694f8a7303f53d8b98d7dda9570eba69/image_algos.cc:430->./annotated_src/image_algos_694f8a7303f53d8b98d7dda9570eba69/image_algos.cc:582).
WARNING: [SCHED 204-68] The II Violation in module 'min_max_shmem' (Loop: VSI_LOOP_29): Unable to enforce a carried dependence constraint (II = 229, distance = 1, offset = 1)
   between bus access on port 'gmem' (./annotated_src/image_algos_694f8a7303f53d8b98d7dda9570eba69/image_algos.cc:430->./annotated_src/image_algos_694f8a7303f53d8b98d7dda9570eba69/image_algos.cc:582) and bus request on port 'gmem' (./annotated_src/image_algos_694f8a7303f53d8b98d7dda9570eba69/image_algos.cc:430->./annotated_src/image_algos_694f8a7303f53d8b98d7dda9570eba69/image_algos.cc:582).
WARNING: [SCHED 204-68] The II Violation in module 'min_max_shmem' (Loop: VSI_LOOP_29): Unable to enforce a carried dependence constraint (II = 231, distance = 1, offset = 1)
   between bus access on port 'gmem' (./annotated_src/image_algos_694f8a7303f53d8b98d7dda9570eba69/image_algos.cc:430->./annotated_src/image_algos_694f8a7303f53d8b98d7dda9570eba69/image_algos.cc:582) and bus request on port 'gmem' (./annotated_src/image_algos_694f8a7303f53d8b98d7dda9570eba69/image_algos.cc:430->./annotated_src/image_algos_694f8a7303f53d8b98d7dda9570eba69/image_algos.cc:582).
WARNING: [SCHED 204-68] The II Violation in module 'min_max_shmem' (Loop: VSI_LOOP_29): Unable to enforce a carried dependence constraint (II = 232, distance = 1, offset = 1)
   between bus access on port 'gmem' (./annotated_src/image_algos_694f8a7303f53d8b98d7dda9570eba69/image_algos.cc:430->./annotated_src/image_algos_694f8a7303f53d8b98d7dda9570eba69/image_algos.cc:582) and bus request on port 'gmem' (./annotated_src/image_algos_694f8a7303f53d8b98d7dda9570eba69/image_algos.cc:430->./annotated_src/image_algos_694f8a7303f53d8b98d7dda9570eba69/image_algos.cc:582).
INFO: [SCHED 204-61] Pipelining result : Target II = 1, Final II = 233, Depth = 234.
INFO: [SCHED 204-61] Pipelining loop 'VSI_LOOP_29'.
WARNING: [SCHED 204-68] The II Violation in module 'min_max_shmem' (Loop: VSI_LOOP_29): Unable to enforce a carried dependence constraint (II = 1, distance = 1, offset = 1)
   between bus access on port 'gmem' (./annotated_src/image_algos_694f8a7303f53d8b98d7dda9570eba69/image_algos.cc:430->./annotated_src/image_algos_694f8a7303f53d8b98d7dda9570eba69/image_algos.cc:583) and bus request on port 'gmem' (./annotated_src/image_algos_694f8a7303f53d8b98d7dda9570eba69/image_algos.cc:430->./annotated_src/image_algos_694f8a7303f53d8b98d7dda9570eba69/image_algos.cc:583).
WARNING: [SCHED 204-68] The II Violation in module 'min_max_shmem' (Loop: VSI_LOOP_29): Unable to enforce a carried dependence constraint (II = 2, distance = 1, offset = 1)
   between bus access on port 'gmem' (./annotated_src/image_algos_694f8a7303f53d8b98d7dda9570eba69/image_algos.cc:430->./annotated_src/image_algos_694f8a7303f53d8b98d7dda9570eba69/image_algos.cc:583) and bus request on port 'gmem' (./annotated_src/image_algos_694f8a7303f53d8b98d7dda9570eba69/image_algos.cc:430->./annotated_src/image_algos_694f8a7303f53d8b98d7dda9570eba69/image_algos.cc:583).
WARNING: [SCHED 204-68] The II Violation in module 'min_max_shmem' (Loop: VSI_LOOP_29): Unable to enforce a carried dependence constraint (II = 3, distance = 1, offset = 1)
   between bus access on port 'gmem' (./annotated_src/image_algos_694f8a7303f53d8b98d7dda9570eba69/image_algos.cc:430->./annotated_src/image_algos_694f8a7303f53d8b98d7dda9570eba69/image_algos.cc:583) and bus request on port 'gmem' (./annotated_src/image_algos_694f8a7303f53d8b98d7dda9570eba69/image_algos.cc:430->./annotated_src/image_algos_694f8a7303f53d8b98d7dda9570eba69/image_algos.cc:583).
WARNING: [SCHED 204-68] The II Violation in module 'min_max_shmem' (Loop: VSI_LOOP_29): Unable to enforce a carried dependence constraint (II = 4, distance = 1, offset = 1)
   between bus access on port 'gmem' (./annotated_src/image_algos_694f8a7303f53d8b98d7dda9570eba69/image_algos.cc:430->./annotated_src/image_algos_694f8a7303f53d8b98d7dda9570eba69/image_algos.cc:583) and bus request on port 'gmem' (./annotated_src/image_algos_694f8a7303f53d8b98d7dda9570eba69/image_algos.cc:430->./annotated_src/image_algos_694f8a7303f53d8b98d7dda9570eba69/image_algos.cc:583).
WARNING: [SCHED 204-68] The II Violation in module 'min_max_shmem' (Loop: VSI_LOOP_29): Unable to enforce a carried dependence constraint (II = 130, distance = 1, offset = 1)
   between bus access on port 'gmem' (./annotated_src/image_algos_694f8a7303f53d8b98d7dda9570eba69/image_algos.cc:430->./annotated_src/image_algos_694f8a7303f53d8b98d7dda9570eba69/image_algos.cc:583) and bus request on port 'gmem' (./annotated_src/image_algos_694f8a7303f53d8b98d7dda9570eba69/image_algos.cc:430->./annotated_src/image_algos_694f8a7303f53d8b98d7dda9570eba69/image_algos.cc:583).
WARNING: [SCHED 204-68] The II Violation in module 'min_max_shmem' (Loop: VSI_LOOP_29): Unable to enforce a carried dependence constraint (II = 193, distance = 1, offset = 1)
   between bus access on port 'gmem' (./annotated_src/image_algos_694f8a7303f53d8b98d7dda9570eba69/image_algos.cc:430->./annotated_src/image_algos_694f8a7303f53d8b98d7dda9570eba69/image_algos.cc:583) and bus request on port 'gmem' (./annotated_src/image_algos_694f8a7303f53d8b98d7dda9570eba69/image_algos.cc:430->./annotated_src/image_algos_694f8a7303f53d8b98d7dda9570eba69/image_algos.cc:583).
WARNING: [SCHED 204-68] The II Violation in module 'min_max_shmem' (Loop: VSI_LOOP_29): Unable to enforce a carried dependence constraint (II = 225, distance = 1, offset = 1)
   between bus access on port 'gmem' (./annotated_src/image_algos_694f8a7303f53d8b98d7dda9570eba69/image_algos.cc:430->./annotated_src/image_algos_694f8a7303f53d8b98d7dda9570eba69/image_algos.cc:583) and bus request on port 'gmem' (./annotated_src/image_algos_694f8a7303f53d8b98d7dda9570eba69/image_algos.cc:430->./annotated_src/image_algos_694f8a7303f53d8b98d7dda9570eba69/image_algos.cc:583).
WARNING: [SCHED 204-68] The II Violation in module 'min_max_shmem' (Loop: VSI_LOOP_29): Unable to enforce a carried dependence constraint (II = 229, distance = 1, offset = 1)
   between bus access on port 'gmem' (./annotated_src/image_algos_694f8a7303f53d8b98d7dda9570eba69/image_algos.cc:430->./annotated_src/image_algos_694f8a7303f53d8b98d7dda9570eba69/image_algos.cc:583) and bus request on port 'gmem' (./annotated_src/image_algos_694f8a7303f53d8b98d7dda9570eba69/image_algos.cc:430->./annotated_src/image_algos_694f8a7303f53d8b98d7dda9570eba69/image_algos.cc:583).
WARNING: [SCHED 204-68] The II Violation in module 'min_max_shmem' (Loop: VSI_LOOP_29): Unable to enforce a carried dependence constraint (II = 231, distance = 1, offset = 1)
   between bus access on port 'gmem' (./annotated_src/image_algos_694f8a7303f53d8b98d7dda9570eba69/image_algos.cc:430->./annotated_src/image_algos_694f8a7303f53d8b98d7dda9570eba69/image_algos.cc:583) and bus request on port 'gmem' (./annotated_src/image_algos_694f8a7303f53d8b98d7dda9570eba69/image_algos.cc:430->./annotated_src/image_algos_694f8a7303f53d8b98d7dda9570eba69/image_algos.cc:583).
WARNING: [SCHED 204-68] The II Violation in module 'min_max_shmem' (Loop: VSI_LOOP_29): Unable to enforce a carried dependence constraint (II = 232, distance = 1, offset = 1)
   between bus access on port 'gmem' (./annotated_src/image_algos_694f8a7303f53d8b98d7dda9570eba69/image_algos.cc:430->./annotated_src/image_algos_694f8a7303f53d8b98d7dda9570eba69/image_algos.cc:583) and bus request on port 'gmem' (./annotated_src/image_algos_694f8a7303f53d8b98d7dda9570eba69/image_algos.cc:430->./annotated_src/image_algos_694f8a7303f53d8b98d7dda9570eba69/image_algos.cc:583).
