
****** Vivado v2019.2 (64-bit)
  **** SW Build 2708876 on Wed Nov  6 21:39:14 MST 2019
  **** IP Build 2700528 on Thu Nov  7 00:09:20 MST 2019
    ** Copyright 1986-2019 Xilinx, Inc. All Rights Reserved.

Sourcing tcl script '/home/dwq/.Xilinx/Vivado/Vivado_init.tcl'
37 Beta devices matching pattern found, 0 enabled.
enable_beta_device: Time (s): cpu = 00:00:02 ; elapsed = 00:00:06 . Memory (MB): peak = 1508.625 ; gain = 46.016 ; free physical = 461 ; free virtual = 4649
source run_ippack.tcl -notrace
INFO: [IP_Flow 19-234] Refreshing IP repositories
INFO: [IP_Flow 19-1704] No user IP repositories specified
INFO: [IP_Flow 19-2313] Loaded Vivado IP repository '/home/dwq/Documents/Xilinx/Vivado/2019.2/data/ip'.
WARNING: [IP_Flow 19-4832] The IP name 'draw_speedometer_ap_dadd_3_full_dsp_64' you have specified is long. The Windows operating system has path length limitations. It is recommended you use shorter names to reduce the likelihood of issues.
create_ip: Time (s): cpu = 00:00:03 ; elapsed = 00:00:09 . Memory (MB): peak = 1606.801 ; gain = 93.176 ; free physical = 341 ; free virtual = 4537
INFO: [IP_Flow 19-1686] Generating 'Synthesis' target for IP 'draw_speedometer_ap_dadd_3_full_dsp_64'...
INFO: [IP_Flow 19-1686] Generating 'Simulation' target for IP 'draw_speedometer_ap_dadd_3_full_dsp_64'...
WARNING: [IP_Flow 19-4832] The IP name 'draw_speedometer_ap_dmul_3_max_dsp_64' you have specified is long. The Windows operating system has path length limitations. It is recommended you use shorter names to reduce the likelihood of issues.
INFO: [IP_Flow 19-1686] Generating 'Synthesis' target for IP 'draw_speedometer_ap_dmul_3_max_dsp_64'...
INFO: [IP_Flow 19-1686] Generating 'Simulation' target for IP 'draw_speedometer_ap_dmul_3_max_dsp_64'...
INFO: [IP_Flow 19-234] Refreshing IP repositories
INFO: [IP_Flow 19-1704] No user IP repositories specified
INFO: [IP_Flow 19-2313] Loaded Vivado IP repository '/home/dwq/Documents/Xilinx/Vivado/2019.2/data/ip'.
INFO: [Common 17-206] Exiting Vivado at Thu Mar 12 04:18:32 2020...
